<?xml version="1.0" encoding="UTF-8"?>
<testsuites>
  <testsuite name="/app/tests/Station16" tests="24" assertions="27" errors="0" warnings="0" failures="0" skipped="0" time="0.023181">
    <testsuite name="Tests\Station16\Question\CarTest" file="/app/tests/Station16/Question/CarTest.php" tests="13" assertions="16" errors="0" warnings="0" failures="0" skipped="0" time="0.017966">
      <testcase name="nameプロパティを持つ" class="Tests\Station16\Question\CarTest" classname="Tests.Station16.Question.CarTest" file="/app/tests/Station16/Question/CarTest.php" line="31" assertions="1" time="0.001208"/>
      <testcase name="nameプロパティの型定義がstringである" class="Tests\Station16\Question\CarTest" classname="Tests.Station16.Question.CarTest" file="/app/tests/Station16/Question/CarTest.php" line="39" assertions="1" time="0.012399"/>
      <testcase name="初期値0のpassengerプロパティを持つ" class="Tests\Station16\Question\CarTest" classname="Tests.Station16.Question.CarTest" file="/app/tests/Station16/Question/CarTest.php" line="49" assertions="1" time="0.000239"/>
      <testcase name="passengerプロパティの型定義がintである" class="Tests\Station16\Question\CarTest" classname="Tests.Station16.Question.CarTest" file="/app/tests/Station16/Question/CarTest.php" line="63" assertions="1" time="0.000845"/>
      <testcase name="constructor_nameプロパティに値を代入する" class="Tests\Station16\Question\CarTest" classname="Tests.Station16.Question.CarTest" file="/app/tests/Station16/Question/CarTest.php" line="73" assertions="1" time="0.000057"/>
      <testcase name="constructor_引数nameの型定義がstringである" class="Tests\Station16\Question\CarTest" classname="Tests.Station16.Question.CarTest" file="/app/tests/Station16/Question/CarTest.php" line="84" assertions="1" time="0.000741"/>
      <testcase name="run_文字列_走行する_を出力する" class="Tests\Station16\Question\CarTest" classname="Tests.Station16.Question.CarTest" file="/app/tests/Station16/Question/CarTest.php" line="94" assertions="1" time="0.000025"/>
      <testcase name="run_返り値の型定義がvoidである" class="Tests\Station16\Question\CarTest" classname="Tests.Station16.Question.CarTest" file="/app/tests/Station16/Question/CarTest.php" line="105" assertions="1" time="0.001097"/>
      <testsuite name="Tests\Station16\Question\CarTest::pickup_指定された分passengerを加算してその値を返す" tests="3" assertions="6" errors="0" warnings="0" failures="0" skipped="0" time="0.000064">
        <testcase name="pickup_指定された分passengerを加算してその値を返す with data set &quot;0加算&quot;" class="Tests\Station16\Question\CarTest" classname="Tests.Station16.Question.CarTest" file="/app/tests/Station16/Question/CarTest.php" line="116" assertions="2" time="0.000027"/>
        <testcase name="pickup_指定された分passengerを加算してその値を返す with data set &quot;1加算&quot;" class="Tests\Station16\Question\CarTest" classname="Tests.Station16.Question.CarTest" file="/app/tests/Station16/Question/CarTest.php" line="116" assertions="2" time="0.000020"/>
        <testcase name="pickup_指定された分passengerを加算してその値を返す with data set &quot;2加算&quot;" class="Tests\Station16\Question\CarTest" classname="Tests.Station16.Question.CarTest" file="/app/tests/Station16/Question/CarTest.php" line="116" assertions="2" time="0.000017"/>
      </testsuite>
      <testcase name="pickup_引数の型定義がintである" class="Tests\Station16\Question\CarTest" classname="Tests.Station16.Question.CarTest" file="/app/tests/Station16/Question/CarTest.php" line="137" assertions="1" time="0.000634"/>
      <testcase name="pickup_返り値の型定義がintである" class="Tests\Station16\Question\CarTest" classname="Tests.Station16.Question.CarTest" file="/app/tests/Station16/Question/CarTest.php" line="147" assertions="1" time="0.000657"/>
    </testsuite>
    <testsuite name="Tests\Station16\Question\HumanTest" file="/app/tests/Station16/Question/HumanTest.php" tests="6" assertions="6" errors="0" warnings="0" failures="0" skipped="0" time="0.002223">
      <testcase name="nameプロパティを持つ" class="Tests\Station16\Question\HumanTest" classname="Tests.Station16.Question.HumanTest" file="/app/tests/Station16/Question/HumanTest.php" line="23" assertions="1" time="0.000122"/>
      <testcase name="nameプロパティの型定義がstringである" class="Tests\Station16\Question\HumanTest" classname="Tests.Station16.Question.HumanTest" file="/app/tests/Station16/Question/HumanTest.php" line="31" assertions="1" time="0.000672"/>
      <testcase name="constructor_nameプロパティに値を代入する" class="Tests\Station16\Question\HumanTest" classname="Tests.Station16.Question.HumanTest" file="/app/tests/Station16/Question/HumanTest.php" line="41" assertions="1" time="0.000023"/>
      <testcase name="buyCar_nameと指定Carのnameから文字列を出力する" class="Tests\Station16\Question\HumanTest" classname="Tests.Station16.Question.HumanTest" file="/app/tests/Station16/Question/HumanTest.php" line="62" assertions="1" time="0.000017"/>
      <testcase name="buyCar_引数carの型定義がCarクラスである" class="Tests\Station16\Question\HumanTest" classname="Tests.Station16.Question.HumanTest" file="/app/tests/Station16/Question/HumanTest.php" line="74" assertions="1" time="0.000878"/>
      <testcase name="buyCar_返り値の型定義がvoidである" class="Tests\Station16\Question\HumanTest" classname="Tests.Station16.Question.HumanTest" file="/app/tests/Station16/Question/HumanTest.php" line="84" assertions="1" time="0.000511"/>
    </testsuite>
    <testsuite name="Tests\Station16\Question\QuestionTest" file="/app/tests/Station16/Question/QuestionTest.php" tests="5" assertions="5" errors="0" warnings="0" failures="0" skipped="0" time="0.002992">
      <testcase name="車を購入して走り乗客を乗せる" class="Tests\Station16\Question\QuestionTest" classname="Tests.Station16.Question.QuestionTest" file="/app/tests/Station16/Question/QuestionTest.php" line="21" assertions="1" time="0.000096"/>
      <testcase name="第1引数の型定義がstringである" class="Tests\Station16\Question\QuestionTest" classname="Tests.Station16.Question.QuestionTest" file="/app/tests/Station16/Question/QuestionTest.php" line="32" assertions="1" time="0.000764"/>
      <testcase name="第2引数の型定義がstringである" class="Tests\Station16\Question\QuestionTest" classname="Tests.Station16.Question.QuestionTest" file="/app/tests/Station16/Question/QuestionTest.php" line="42" assertions="1" time="0.000952"/>
      <testcase name="第3引数の型定義がintである" class="Tests\Station16\Question\QuestionTest" classname="Tests.Station16.Question.QuestionTest" file="/app/tests/Station16/Question/QuestionTest.php" line="52" assertions="1" time="0.000552"/>
      <testcase name="返り値の型定義がvoidである" class="Tests\Station16\Question\QuestionTest" classname="Tests.Station16.Question.QuestionTest" file="/app/tests/Station16/Question/QuestionTest.php" line="62" assertions="1" time="0.000628"/>
    </testsuite>
  </testsuite>
</testsuites>
